<?xml version="1.0" encoding="UTF-8"?>
<testng-results ignored="0" total="12" passed="5" failed="7" skipped="0">
  <reporter-output>
  </reporter-output>
  <suite started-at="2026-02-14T16:15:11 IST" name="Automation Suite" finished-at="2026-02-14T16:18:28 IST" duration-ms="197332">
    <groups>
    </groups>
    <test started-at="2026-02-14T16:15:11 IST" name="ChromeTest" finished-at="2026-02-14T16:17:29 IST" duration-ms="138415">
      <class name="tests.DemoQAExcelApachePOITest">
        <test-method is-config="true" signature="setUp(java.lang.String,java.lang.String)[pri:0, instance:tests.DemoQAExcelApachePOITest@11dee337]" started-at="2026-02-14T16:15:11 IST" name="setUp" finished-at="2026-02-14T16:15:45 IST" duration-ms="34475" status="PASS">
          <params>
            <param index="0">
              <value>
                <![CDATA[chrome]]>
              </value>
            </param>
            <param index="1">
              <value>
                <![CDATA[remote]]>
              </value>
            </param>
          </params>
          <reporter-output>
          </reporter-output>
        </test-method> <!-- setUp -->
        <test-method signature="launchApplication()[pri:0, instance:tests.DemoQAExcelApachePOITest@11dee337]" started-at="2026-02-14T16:15:45 IST" name="launchApplication" finished-at="2026-02-14T16:15:47 IST" duration-ms="2030" status="FAIL">
          <exception class="org.openqa.selenium.ElementClickInterceptedException">
            <message>
              <![CDATA[element click intercepted: Element <h5>...</h5> is not clickable at point (141, 569). Other element would receive the click: <div id="fixedban" style="width:100%;margin:auto;text-align:center;float:none;overflow:hidden;display:scroll;position:fixed;bottom:0;z-index:9999999">...</div>
  (Session info: chrome=144.0.7559.135)
Build info: version: '4.18.1', revision: 'b1d3319b48'
System info: os.name: 'Windows 11', os.arch: 'amd64', os.version: '10.0', java.version: '21.0.9'
Driver info: org.openqa.selenium.chrome.ChromeDriver
Command: [52f446681ba00a9f40c4c4dad10d3cf3, clickElement {id=f.9362B345D818E06C8B17C72EC57727A3.d.5165BBDB1E3E082F16C1FB98CF008DA8.e.14}]
Capabilities {acceptInsecureCerts: false, browserName: chrome, browserVersion: 144.0.7559.135, chrome: {chromedriverVersion: 144.0.7559.133 (7da823b1d59..., userDataDir: C:\Users\Admin\AppData\Loca...}, fedcm:accounts: true, goog:chromeOptions: {debuggerAddress: localhost:51267}, goog:processID: 13452, networkConnectionEnabled: false, pageLoadStrategy: normal, platformName: windows, proxy: Proxy(), se:cdp: ws://localhost:51267/devtoo..., se:cdpVersion: 144.0.7559.135, setWindowRect: true, strictFileInteractability: false, timeouts: {implicit: 0, pageLoad: 300000, script: 30000}, unhandledPromptBehavior: dismiss and notify, webauthn:extension:credBlob: true, webauthn:extension:largeBlob: true, webauthn:extension:minPinLength: true, webauthn:extension:prf: true, webauthn:virtualAuthenticators: true}
Element: [[ChromeDriver: chrome on windows (52f446681ba00a9f40c4c4dad10d3cf3)] -> xpath: //*[text()='Book Store Application']]
Session ID: 52f446681ba00a9f40c4c4dad10d3cf3]]>
            </message>
            <full-stacktrace>
              <![CDATA[org.openqa.selenium.ElementClickInterceptedException: element click intercepted: Element <h5>...</h5> is not clickable at point (141, 569). Other element would receive the click: <div id="fixedban" style="width:100%;margin:auto;text-align:center;float:none;overflow:hidden;display:scroll;position:fixed;bottom:0;z-index:9999999">...</div>
  (Session info: chrome=144.0.7559.135)
Build info: version: '4.18.1', revision: 'b1d3319b48'
System info: os.name: 'Windows 11', os.arch: 'amd64', os.version: '10.0', java.version: '21.0.9'
Driver info: org.openqa.selenium.chrome.ChromeDriver
Command: [52f446681ba00a9f40c4c4dad10d3cf3, clickElement {id=f.9362B345D818E06C8B17C72EC57727A3.d.5165BBDB1E3E082F16C1FB98CF008DA8.e.14}]
Capabilities {acceptInsecureCerts: false, browserName: chrome, browserVersion: 144.0.7559.135, chrome: {chromedriverVersion: 144.0.7559.133 (7da823b1d59..., userDataDir: C:\Users\Admin\AppData\Loca...}, fedcm:accounts: true, goog:chromeOptions: {debuggerAddress: localhost:51267}, goog:processID: 13452, networkConnectionEnabled: false, pageLoadStrategy: normal, platformName: windows, proxy: Proxy(), se:cdp: ws://localhost:51267/devtoo..., se:cdpVersion: 144.0.7559.135, setWindowRect: true, strictFileInteractability: false, timeouts: {implicit: 0, pageLoad: 300000, script: 30000}, unhandledPromptBehavior: dismiss and notify, webauthn:extension:credBlob: true, webauthn:extension:largeBlob: true, webauthn:extension:minPinLength: true, webauthn:extension:prf: true, webauthn:virtualAuthenticators: true}
Element: [[ChromeDriver: chrome on windows (52f446681ba00a9f40c4c4dad10d3cf3)] -> xpath: //*[text()='Book Store Application']]
Session ID: 52f446681ba00a9f40c4c4dad10d3cf3
at java.base/jdk.internal.reflect.DirectConstructorHandleAccessor.newInstance(DirectConstructorHandleAccessor.java:62)
at java.base/java.lang.reflect.Constructor.newInstanceWithCaller(Constructor.java:502)
at java.base/java.lang.reflect.Constructor.newInstance(Constructor.java:486)
at org.openqa.selenium.remote.ErrorCodec.decode(ErrorCodec.java:167)
at org.openqa.selenium.remote.codec.w3c.W3CHttpResponseCodec.decode(W3CHttpResponseCodec.java:138)
at org.openqa.selenium.remote.codec.w3c.W3CHttpResponseCodec.decode(W3CHttpResponseCodec.java:50)
at org.openqa.selenium.remote.HttpCommandExecutor.execute(HttpCommandExecutor.java:190)
at org.openqa.selenium.remote.service.DriverCommandExecutor.invokeExecute(DriverCommandExecutor.java:216)
at org.openqa.selenium.remote.service.DriverCommandExecutor.execute(DriverCommandExecutor.java:174)
at org.openqa.selenium.remote.RemoteWebDriver.execute(RemoteWebDriver.java:519)
at org.openqa.selenium.remote.RemoteWebElement.execute(RemoteWebElement.java:223)
at org.openqa.selenium.remote.RemoteWebElement.click(RemoteWebElement.java:76)
at pages.LaunchPage.openBookStoreApplication(LaunchPage.java:17)
at tests.DemoQAExcelApachePOITest.launchApplication(DemoQAExcelApachePOITest.java:23)
at java.base/jdk.internal.reflect.DirectMethodHandleAccessor.invoke(DirectMethodHandleAccessor.java:103)
at java.base/java.lang.reflect.Method.invoke(Method.java:580)
at org.testng.internal.invokers.MethodInvocationHelper.invokeMethod(MethodInvocationHelper.java:141)
at org.testng.internal.invokers.TestInvoker.invokeMethod(TestInvoker.java:687)
at org.testng.internal.invokers.TestInvoker.invokeTestMethod(TestInvoker.java:230)
at org.testng.internal.invokers.MethodRunner.runInSequence(MethodRunner.java:63)
at org.testng.internal.invokers.TestInvoker$MethodInvocationAgent.invoke(TestInvoker.java:995)
at org.testng.internal.invokers.TestInvoker.invokeTestMethods(TestInvoker.java:203)
at org.testng.internal.invokers.TestMethodWorker.invokeTestMethods(TestMethodWorker.java:154)
at org.testng.internal.invokers.TestMethodWorker.run(TestMethodWorker.java:134)
at java.base/java.util.ArrayList.forEach(ArrayList.java:1596)
at org.testng.TestRunner.privateRun(TestRunner.java:741)
at org.testng.TestRunner.run(TestRunner.java:616)
at org.testng.SuiteRunner.runTest(SuiteRunner.java:421)
at org.testng.SuiteRunner$SuiteWorker.run(SuiteRunner.java:463)
at org.testng.internal.thread.ThreadUtil.lambda$execute$0(ThreadUtil.java:64)
at java.base/java.util.concurrent.FutureTask.run(FutureTask.java:317)
at java.base/java.util.concurrent.ThreadPoolExecutor.runWorker(ThreadPoolExecutor.java:1144)
at java.base/java.util.concurrent.ThreadPoolExecutor$Worker.run(ThreadPoolExecutor.java:642)
at java.base/java.lang.Thread.run(Thread.java:1583)
]]>
            </full-stacktrace>
          </exception> <!-- org.openqa.selenium.ElementClickInterceptedException -->
          <reporter-output>
          </reporter-output>
        </test-method> <!-- launchApplication -->
        <test-method is-config="true" signature="tearDown(org.testng.ITestResult)[pri:0, instance:tests.DemoQAExcelApachePOITest@11dee337]" started-at="2026-02-14T16:15:48 IST" name="tearDown" finished-at="2026-02-14T16:15:51 IST" duration-ms="2867" status="PASS">
          <params>
            <param index="0">
              <value>
                <![CDATA[[TestResult name=launchApplication status=FAILURE method=DemoQAExcelApachePOITest.launchApplication()[pri:0, instance:tests.DemoQAExcelApachePOITest@11dee337] output={null}]]]>
              </value>
            </param>
          </params>
          <reporter-output>
          </reporter-output>
        </test-method> <!-- tearDown -->
        <test-method is-config="true" signature="setUp(java.lang.String,java.lang.String)[pri:0, instance:tests.DemoQAExcelApachePOITest@11dee337]" started-at="2026-02-14T16:15:53 IST" name="setUp" finished-at="2026-02-14T16:16:15 IST" duration-ms="21430" status="PASS">
          <params>
            <param index="0">
              <value>
                <![CDATA[chrome]]>
              </value>
            </param>
            <param index="1">
              <value>
                <![CDATA[remote]]>
              </value>
            </param>
          </params>
          <reporter-output>
          </reporter-output>
        </test-method> <!-- setUp -->
        <test-method signature="loginUser(java.lang.String,java.lang.String)[pri:0, instance:tests.DemoQAExcelApachePOITest@11dee337]" started-at="2026-02-14T16:16:15 IST" name="loginUser" data-provider="excelLoginData" finished-at="2026-02-14T16:16:37 IST" duration-ms="22287" status="PASS">
          <params>
            <param index="0">
              <value>
                <![CDATA[MahanM]]>
              </value>
            </param>
            <param index="1">
              <value>
                <![CDATA[Mahan@143]]>
              </value>
            </param>
          </params>
          <reporter-output>
          </reporter-output>
        </test-method> <!-- loginUser -->
        <test-method is-config="true" signature="tearDown(org.testng.ITestResult)[pri:0, instance:tests.DemoQAExcelApachePOITest@11dee337]" started-at="2026-02-14T16:16:37 IST" name="tearDown" finished-at="2026-02-14T16:16:38 IST" duration-ms="1428" status="PASS">
          <params>
            <param index="0">
              <value>
                <![CDATA[[TestResult name=loginUser status=SUCCESS method=DemoQAExcelApachePOITest.loginUser(java.lang.String,java.lang.String)[pri:0, instance:tests.DemoQAExcelApachePOITest@11dee337] output={null}]]]>
              </value>
            </param>
          </params>
          <reporter-output>
          </reporter-output>
        </test-method> <!-- tearDown -->
        <test-method signature="profilePage(java.lang.String)[pri:0, instance:tests.DemoQAExcelApachePOITest@11dee337]" started-at="2026-02-14T16:16:38 IST" name="profilePage" data-provider="excelLoginData" finished-at="2026-02-14T16:16:38 IST" duration-ms="97" status="FAIL">
          <exception class="org.testng.internal.reflect.MethodMatcherException">
            <message>
              <![CDATA[
[public void tests.DemoQAExcelApachePOITest.profilePage(java.lang.String)] has no parameters defined but was found to be using a data provider (either explicitly specified or inherited from class level annotation).
Data provider mismatch
Method: profilePage([java.lang.String arg0])
Arguments: [(java.lang.String) MahanM,(java.lang.String) Mahan@143]]]>
            </message>
            <full-stacktrace>
              <![CDATA[org.testng.internal.reflect.MethodMatcherException: 
[public void tests.DemoQAExcelApachePOITest.profilePage(java.lang.String)] has no parameters defined but was found to be using a data provider (either explicitly specified or inherited from class level annotation).
Data provider mismatch
Method: profilePage([java.lang.String arg0])
Arguments: [(java.lang.String) MahanM,(java.lang.String) Mahan@143]
at org.testng.internal.reflect.DataProviderMethodMatcher.getConformingArguments(DataProviderMethodMatcher.java:46)
at org.testng.internal.Parameters.injectParameters(Parameters.java:915)
at org.testng.internal.invokers.MethodRunner.runInSequence(MethodRunner.java:50)
at org.testng.internal.invokers.TestInvoker$MethodInvocationAgent.invoke(TestInvoker.java:995)
at org.testng.internal.invokers.TestInvoker.invokeTestMethods(TestInvoker.java:203)
at org.testng.internal.invokers.TestMethodWorker.invokeTestMethods(TestMethodWorker.java:154)
at org.testng.internal.invokers.TestMethodWorker.run(TestMethodWorker.java:134)
at java.base/java.util.ArrayList.forEach(ArrayList.java:1596)
at org.testng.TestRunner.privateRun(TestRunner.java:741)
at org.testng.TestRunner.run(TestRunner.java:616)
at org.testng.SuiteRunner.runTest(SuiteRunner.java:421)
at org.testng.SuiteRunner$SuiteWorker.run(SuiteRunner.java:463)
at org.testng.internal.thread.ThreadUtil.lambda$execute$0(ThreadUtil.java:64)
at java.base/java.util.concurrent.FutureTask.run(FutureTask.java:317)
at java.base/java.util.concurrent.ThreadPoolExecutor.runWorker(ThreadPoolExecutor.java:1144)
at java.base/java.util.concurrent.ThreadPoolExecutor$Worker.run(ThreadPoolExecutor.java:642)
at java.base/java.lang.Thread.run(Thread.java:1583)
]]>
            </full-stacktrace>
          </exception> <!-- org.testng.internal.reflect.MethodMatcherException -->
          <reporter-output>
          </reporter-output>
        </test-method> <!-- profilePage -->
        <test-method is-config="true" signature="setUp(java.lang.String,java.lang.String)[pri:0, instance:tests.DemoQAExcelApachePOITest@11dee337]" started-at="2026-02-14T16:16:38 IST" name="setUp" finished-at="2026-02-14T16:17:15 IST" duration-ms="36259" status="PASS">
          <params>
            <param index="0">
              <value>
                <![CDATA[chrome]]>
              </value>
            </param>
            <param index="1">
              <value>
                <![CDATA[remote]]>
              </value>
            </param>
          </params>
          <reporter-output>
          </reporter-output>
        </test-method> <!-- setUp -->
        <test-method signature="registerUser()[pri:0, instance:tests.DemoQAExcelApachePOITest@11dee337]" started-at="2026-02-14T16:17:15 IST" name="registerUser" finished-at="2026-02-14T16:17:23 IST" duration-ms="7924" status="FAIL">
          <exception class="org.openqa.selenium.ElementClickInterceptedException">
            <message>
              <![CDATA[element click intercepted: Element <button id="newUser" type="button" class="btn btn-primary">...</button> is not clickable at point (943, 562). Other element would receive the click: <iframe id="google_ads_iframe_/21849154601,22343295815/Ad.Plus-Anchor_0" name="google_ads_iframe_/21849154601,22343295815/Ad.Plus-Anchor_0" title="3rd party ad content" width="809" height="100" scrolling="no" marginwidth="0" marginheight="0" frameborder="0" aria-label="Advertisement" tabindex="0" allow="private-state-token-redemption;attribution-reporting" data-load-complete="true" style="border: 0px; vertical-align: bottom;" data-google-container-id="1"></iframe>
  (Session info: chrome=144.0.7559.135)
Build info: version: '4.18.1', revision: 'b1d3319b48'
System info: os.name: 'Windows 11', os.arch: 'amd64', os.version: '10.0', java.version: '21.0.9'
Driver info: org.openqa.selenium.chrome.ChromeDriver
Command: [f375e132b3a4fcbb869bb4afa814bec2, clickElement {id=f.C4D2EB90692341F864A5E5FA6DFA26BA.d.DB3C19073A20EC53BC6DC43CA14AA5E5.e.34}]
Capabilities {acceptInsecureCerts: false, browserName: chrome, browserVersion: 144.0.7559.135, chrome: {chromedriverVersion: 144.0.7559.133 (7da823b1d59..., userDataDir: C:\Users\Admin\AppData\Loca...}, fedcm:accounts: true, goog:chromeOptions: {debuggerAddress: localhost:63507}, goog:processID: 16940, networkConnectionEnabled: false, pageLoadStrategy: normal, platformName: windows, proxy: Proxy(), se:cdp: ws://localhost:63507/devtoo..., se:cdpVersion: 144.0.7559.135, setWindowRect: true, strictFileInteractability: false, timeouts: {implicit: 0, pageLoad: 300000, script: 30000}, unhandledPromptBehavior: dismiss and notify, webauthn:extension:credBlob: true, webauthn:extension:largeBlob: true, webauthn:extension:minPinLength: true, webauthn:extension:prf: true, webauthn:virtualAuthenticators: true}
Element: [[ChromeDriver: chrome on windows (f375e132b3a4fcbb869bb4afa814bec2)] -> id: newUser]
Session ID: f375e132b3a4fcbb869bb4afa814bec2]]>
            </message>
            <full-stacktrace>
              <![CDATA[org.openqa.selenium.ElementClickInterceptedException: element click intercepted: Element <button id="newUser" type="button" class="btn btn-primary">...</button> is not clickable at point (943, 562). Other element would receive the click: <iframe id="google_ads_iframe_/21849154601,22343295815/Ad.Plus-Anchor_0" name="google_ads_iframe_/21849154601,22343295815/Ad.Plus-Anchor_0" title="3rd party ad content" width="809" height="100" scrolling="no" marginwidth="0" marginheight="0" frameborder="0" aria-label="Advertisement" tabindex="0" allow="private-state-token-redemption;attribution-reporting" data-load-complete="true" style="border: 0px; vertical-align: bottom;" data-google-container-id="1"></iframe>
  (Session info: chrome=144.0.7559.135)
Build info: version: '4.18.1', revision: 'b1d3319b48'
System info: os.name: 'Windows 11', os.arch: 'amd64', os.version: '10.0', java.version: '21.0.9'
Driver info: org.openqa.selenium.chrome.ChromeDriver
Command: [f375e132b3a4fcbb869bb4afa814bec2, clickElement {id=f.C4D2EB90692341F864A5E5FA6DFA26BA.d.DB3C19073A20EC53BC6DC43CA14AA5E5.e.34}]
Capabilities {acceptInsecureCerts: false, browserName: chrome, browserVersion: 144.0.7559.135, chrome: {chromedriverVersion: 144.0.7559.133 (7da823b1d59..., userDataDir: C:\Users\Admin\AppData\Loca...}, fedcm:accounts: true, goog:chromeOptions: {debuggerAddress: localhost:63507}, goog:processID: 16940, networkConnectionEnabled: false, pageLoadStrategy: normal, platformName: windows, proxy: Proxy(), se:cdp: ws://localhost:63507/devtoo..., se:cdpVersion: 144.0.7559.135, setWindowRect: true, strictFileInteractability: false, timeouts: {implicit: 0, pageLoad: 300000, script: 30000}, unhandledPromptBehavior: dismiss and notify, webauthn:extension:credBlob: true, webauthn:extension:largeBlob: true, webauthn:extension:minPinLength: true, webauthn:extension:prf: true, webauthn:virtualAuthenticators: true}
Element: [[ChromeDriver: chrome on windows (f375e132b3a4fcbb869bb4afa814bec2)] -> id: newUser]
Session ID: f375e132b3a4fcbb869bb4afa814bec2
at java.base/jdk.internal.reflect.DirectConstructorHandleAccessor.newInstance(DirectConstructorHandleAccessor.java:62)
at java.base/java.lang.reflect.Constructor.newInstanceWithCaller(Constructor.java:502)
at java.base/java.lang.reflect.Constructor.newInstance(Constructor.java:486)
at org.openqa.selenium.remote.ErrorCodec.decode(ErrorCodec.java:167)
at org.openqa.selenium.remote.codec.w3c.W3CHttpResponseCodec.decode(W3CHttpResponseCodec.java:138)
at org.openqa.selenium.remote.codec.w3c.W3CHttpResponseCodec.decode(W3CHttpResponseCodec.java:50)
at org.openqa.selenium.remote.HttpCommandExecutor.execute(HttpCommandExecutor.java:190)
at org.openqa.selenium.remote.service.DriverCommandExecutor.invokeExecute(DriverCommandExecutor.java:216)
at org.openqa.selenium.remote.service.DriverCommandExecutor.execute(DriverCommandExecutor.java:174)
at org.openqa.selenium.remote.RemoteWebDriver.execute(RemoteWebDriver.java:519)
at org.openqa.selenium.remote.RemoteWebElement.execute(RemoteWebElement.java:223)
at org.openqa.selenium.remote.RemoteWebElement.click(RemoteWebElement.java:76)
at pages.RegisterPage.clickRegister(RegisterPage.java:24)
at tests.DemoQAExcelApachePOITest.registerUser(DemoQAExcelApachePOITest.java:34)
at java.base/jdk.internal.reflect.DirectMethodHandleAccessor.invoke(DirectMethodHandleAccessor.java:103)
at java.base/java.lang.reflect.Method.invoke(Method.java:580)
at org.testng.internal.invokers.MethodInvocationHelper.invokeMethod(MethodInvocationHelper.java:141)
at org.testng.internal.invokers.TestInvoker.invokeMethod(TestInvoker.java:687)
at org.testng.internal.invokers.TestInvoker.invokeTestMethod(TestInvoker.java:230)
at org.testng.internal.invokers.MethodRunner.runInSequence(MethodRunner.java:63)
at org.testng.internal.invokers.TestInvoker$MethodInvocationAgent.invoke(TestInvoker.java:995)
at org.testng.internal.invokers.TestInvoker.invokeTestMethods(TestInvoker.java:203)
at org.testng.internal.invokers.TestMethodWorker.invokeTestMethods(TestMethodWorker.java:154)
at org.testng.internal.invokers.TestMethodWorker.run(TestMethodWorker.java:134)
at java.base/java.util.ArrayList.forEach(ArrayList.java:1596)
at org.testng.TestRunner.privateRun(TestRunner.java:741)
at org.testng.TestRunner.run(TestRunner.java:616)
at org.testng.SuiteRunner.runTest(SuiteRunner.java:421)
at org.testng.SuiteRunner$SuiteWorker.run(SuiteRunner.java:463)
at org.testng.internal.thread.ThreadUtil.lambda$execute$0(ThreadUtil.java:64)
at java.base/java.util.concurrent.FutureTask.run(FutureTask.java:317)
at java.base/java.util.concurrent.ThreadPoolExecutor.runWorker(ThreadPoolExecutor.java:1144)
at java.base/java.util.concurrent.ThreadPoolExecutor$Worker.run(ThreadPoolExecutor.java:642)
at java.base/java.lang.Thread.run(Thread.java:1583)
]]>
            </full-stacktrace>
          </exception> <!-- org.openqa.selenium.ElementClickInterceptedException -->
          <reporter-output>
          </reporter-output>
        </test-method> <!-- registerUser -->
        <test-method is-config="true" signature="tearDown(org.testng.ITestResult)[pri:0, instance:tests.DemoQAExcelApachePOITest@11dee337]" started-at="2026-02-14T16:17:23 IST" name="tearDown" finished-at="2026-02-14T16:17:29 IST" duration-ms="5929" status="PASS">
          <params>
            <param index="0">
              <value>
                <![CDATA[[TestResult name=registerUser status=FAILURE method=DemoQAExcelApachePOITest.registerUser()[pri:0, instance:tests.DemoQAExcelApachePOITest@11dee337] output={null}]]]>
              </value>
            </param>
          </params>
          <reporter-output>
          </reporter-output>
        </test-method> <!-- tearDown -->
      </class> <!-- tests.DemoQAExcelApachePOITest -->
    </test> <!-- ChromeTest -->
    <test started-at="2026-02-14T16:15:11 IST" name="FirefoxTest" finished-at="2026-02-14T16:18:05 IST" duration-ms="174110">
      <class name="tests.DemoQAExcelApachePOITest">
        <test-method is-config="true" signature="setUp(java.lang.String,java.lang.String)[pri:0, instance:tests.DemoQAExcelApachePOITest@e6516e]" started-at="2026-02-14T16:15:11 IST" name="setUp" finished-at="2026-02-14T16:16:21 IST" duration-ms="69907" status="PASS">
          <params>
            <param index="0">
              <value>
                <![CDATA[firefox]]>
              </value>
            </param>
            <param index="1">
              <value>
                <![CDATA[remote]]>
              </value>
            </param>
          </params>
          <reporter-output>
          </reporter-output>
        </test-method> <!-- setUp -->
        <test-method signature="launchApplication()[pri:0, instance:tests.DemoQAExcelApachePOITest@e6516e]" started-at="2026-02-14T16:16:21 IST" name="launchApplication" finished-at="2026-02-14T16:16:23 IST" duration-ms="2497" status="FAIL">
          <exception class="org.openqa.selenium.ElementClickInterceptedException">
            <message>
              <![CDATA[Element <h5> is not clickable at point (143,623) because another element <div id="fixedban"> obscures it
Build info: version: '4.18.1', revision: 'b1d3319b48'
System info: os.name: 'Windows 11', os.arch: 'amd64', os.version: '10.0', java.version: '21.0.9'
Driver info: org.openqa.selenium.firefox.FirefoxDriver
Command: [0e71d20e-ee92-4c2e-9432-15a8378d58de, clickElement {id=f3972b53-d9ae-4720-aead-36dcdbad252f}]
Capabilities {acceptInsecureCerts: true, browserName: firefox, browserVersion: 147.0.3, moz:accessibilityChecks: false, moz:buildID: 20260203002554, moz:geckodriverVersion: 0.36.0, moz:headless: false, moz:platformVersion: 10.0, moz:processID: 15972, moz:profile: C:\Users\Admin\AppData\Loca..., moz:shutdownTimeout: 60000, moz:webdriverClick: true, moz:windowless: false, pageLoadStrategy: normal, platformName: windows, proxy: Proxy(), setWindowRect: true, strictFileInteractability: false, timeouts: {implicit: 0, pageLoad: 300000, script: 30000}, unhandledPromptBehavior: dismiss and notify, userAgent: Mozilla/5.0 (Windows NT 10....}
Element: [[FirefoxDriver: firefox on windows (0e71d20e-ee92-4c2e-9432-15a8378d58de)] -> xpath: //*[text()='Book Store Application']]
Session ID: 0e71d20e-ee92-4c2e-9432-15a8378d58de]]>
            </message>
            <full-stacktrace>
              <![CDATA[org.openqa.selenium.ElementClickInterceptedException: Element <h5> is not clickable at point (143,623) because another element <div id="fixedban"> obscures it
Build info: version: '4.18.1', revision: 'b1d3319b48'
System info: os.name: 'Windows 11', os.arch: 'amd64', os.version: '10.0', java.version: '21.0.9'
Driver info: org.openqa.selenium.firefox.FirefoxDriver
Command: [0e71d20e-ee92-4c2e-9432-15a8378d58de, clickElement {id=f3972b53-d9ae-4720-aead-36dcdbad252f}]
Capabilities {acceptInsecureCerts: true, browserName: firefox, browserVersion: 147.0.3, moz:accessibilityChecks: false, moz:buildID: 20260203002554, moz:geckodriverVersion: 0.36.0, moz:headless: false, moz:platformVersion: 10.0, moz:processID: 15972, moz:profile: C:\Users\Admin\AppData\Loca..., moz:shutdownTimeout: 60000, moz:webdriverClick: true, moz:windowless: false, pageLoadStrategy: normal, platformName: windows, proxy: Proxy(), setWindowRect: true, strictFileInteractability: false, timeouts: {implicit: 0, pageLoad: 300000, script: 30000}, unhandledPromptBehavior: dismiss and notify, userAgent: Mozilla/5.0 (Windows NT 10....}
Element: [[FirefoxDriver: firefox on windows (0e71d20e-ee92-4c2e-9432-15a8378d58de)] -> xpath: //*[text()='Book Store Application']]
Session ID: 0e71d20e-ee92-4c2e-9432-15a8378d58de
at java.base/jdk.internal.reflect.DirectConstructorHandleAccessor.newInstance(DirectConstructorHandleAccessor.java:62)
at java.base/java.lang.reflect.Constructor.newInstanceWithCaller(Constructor.java:502)
at java.base/java.lang.reflect.Constructor.newInstance(Constructor.java:486)
at org.openqa.selenium.remote.ErrorCodec.decode(ErrorCodec.java:167)
at org.openqa.selenium.remote.codec.w3c.W3CHttpResponseCodec.decode(W3CHttpResponseCodec.java:138)
at org.openqa.selenium.remote.codec.w3c.W3CHttpResponseCodec.decode(W3CHttpResponseCodec.java:50)
at org.openqa.selenium.remote.HttpCommandExecutor.execute(HttpCommandExecutor.java:190)
at org.openqa.selenium.remote.service.DriverCommandExecutor.invokeExecute(DriverCommandExecutor.java:216)
at org.openqa.selenium.remote.service.DriverCommandExecutor.execute(DriverCommandExecutor.java:174)
at org.openqa.selenium.remote.RemoteWebDriver.execute(RemoteWebDriver.java:519)
at org.openqa.selenium.remote.RemoteWebElement.execute(RemoteWebElement.java:223)
at org.openqa.selenium.remote.RemoteWebElement.click(RemoteWebElement.java:76)
at pages.LaunchPage.openBookStoreApplication(LaunchPage.java:17)
at tests.DemoQAExcelApachePOITest.launchApplication(DemoQAExcelApachePOITest.java:23)
at java.base/jdk.internal.reflect.DirectMethodHandleAccessor.invoke(DirectMethodHandleAccessor.java:103)
at java.base/java.lang.reflect.Method.invoke(Method.java:580)
at org.testng.internal.invokers.MethodInvocationHelper.invokeMethod(MethodInvocationHelper.java:141)
at org.testng.internal.invokers.TestInvoker.invokeMethod(TestInvoker.java:687)
at org.testng.internal.invokers.TestInvoker.invokeTestMethod(TestInvoker.java:230)
at org.testng.internal.invokers.MethodRunner.runInSequence(MethodRunner.java:63)
at org.testng.internal.invokers.TestInvoker$MethodInvocationAgent.invoke(TestInvoker.java:995)
at org.testng.internal.invokers.TestInvoker.invokeTestMethods(TestInvoker.java:203)
at org.testng.internal.invokers.TestMethodWorker.invokeTestMethods(TestMethodWorker.java:154)
at org.testng.internal.invokers.TestMethodWorker.run(TestMethodWorker.java:134)
at java.base/java.util.ArrayList.forEach(ArrayList.java:1596)
at org.testng.TestRunner.privateRun(TestRunner.java:741)
at org.testng.TestRunner.run(TestRunner.java:616)
at org.testng.SuiteRunner.runTest(SuiteRunner.java:421)
at org.testng.SuiteRunner$SuiteWorker.run(SuiteRunner.java:463)
at org.testng.internal.thread.ThreadUtil.lambda$execute$0(ThreadUtil.java:64)
at java.base/java.util.concurrent.FutureTask.run(FutureTask.java:317)
at java.base/java.util.concurrent.ThreadPoolExecutor.runWorker(ThreadPoolExecutor.java:1144)
at java.base/java.util.concurrent.ThreadPoolExecutor$Worker.run(ThreadPoolExecutor.java:642)
at java.base/java.lang.Thread.run(Thread.java:1583)
]]>
            </full-stacktrace>
          </exception> <!-- org.openqa.selenium.ElementClickInterceptedException -->
          <reporter-output>
          </reporter-output>
        </test-method> <!-- launchApplication -->
        <test-method is-config="true" signature="tearDown(org.testng.ITestResult)[pri:0, instance:tests.DemoQAExcelApachePOITest@e6516e]" started-at="2026-02-14T16:16:25 IST" name="tearDown" finished-at="2026-02-14T16:16:39 IST" duration-ms="13650" status="PASS">
          <params>
            <param index="0">
              <value>
                <![CDATA[[TestResult name=launchApplication status=FAILURE method=DemoQAExcelApachePOITest.launchApplication()[pri:0, instance:tests.DemoQAExcelApachePOITest@e6516e] output={null}]]]>
              </value>
            </param>
          </params>
          <reporter-output>
          </reporter-output>
        </test-method> <!-- tearDown -->
        <test-method is-config="true" signature="setUp(java.lang.String,java.lang.String)[pri:0, instance:tests.DemoQAExcelApachePOITest@e6516e]" started-at="2026-02-14T16:16:39 IST" name="setUp" finished-at="2026-02-14T16:17:10 IST" duration-ms="30942" status="PASS">
          <params>
            <param index="0">
              <value>
                <![CDATA[firefox]]>
              </value>
            </param>
            <param index="1">
              <value>
                <![CDATA[remote]]>
              </value>
            </param>
          </params>
          <reporter-output>
          </reporter-output>
        </test-method> <!-- setUp -->
        <test-method signature="loginUser(java.lang.String,java.lang.String)[pri:0, instance:tests.DemoQAExcelApachePOITest@e6516e]" started-at="2026-02-14T16:17:10 IST" name="loginUser" data-provider="excelLoginData" finished-at="2026-02-14T16:17:15 IST" duration-ms="5135" status="PASS">
          <params>
            <param index="0">
              <value>
                <![CDATA[MahanM]]>
              </value>
            </param>
            <param index="1">
              <value>
                <![CDATA[Mahan@143]]>
              </value>
            </param>
          </params>
          <reporter-output>
          </reporter-output>
        </test-method> <!-- loginUser -->
        <test-method is-config="true" signature="tearDown(org.testng.ITestResult)[pri:0, instance:tests.DemoQAExcelApachePOITest@e6516e]" started-at="2026-02-14T16:17:15 IST" name="tearDown" finished-at="2026-02-14T16:17:24 IST" duration-ms="8875" status="PASS">
          <params>
            <param index="0">
              <value>
                <![CDATA[[TestResult name=loginUser status=SUCCESS method=DemoQAExcelApachePOITest.loginUser(java.lang.String,java.lang.String)[pri:0, instance:tests.DemoQAExcelApachePOITest@e6516e] output={null}]]]>
              </value>
            </param>
          </params>
          <reporter-output>
          </reporter-output>
        </test-method> <!-- tearDown -->
        <test-method signature="profilePage(java.lang.String)[pri:0, instance:tests.DemoQAExcelApachePOITest@e6516e]" started-at="2026-02-14T16:17:24 IST" name="profilePage" data-provider="excelLoginData" finished-at="2026-02-14T16:17:24 IST" duration-ms="161" status="FAIL">
          <exception class="org.testng.internal.reflect.MethodMatcherException">
            <message>
              <![CDATA[
[public void tests.DemoQAExcelApachePOITest.profilePage(java.lang.String)] has no parameters defined but was found to be using a data provider (either explicitly specified or inherited from class level annotation).
Data provider mismatch
Method: profilePage([java.lang.String arg0])
Arguments: [(java.lang.String) MahanM,(java.lang.String) Mahan@143]]]>
            </message>
            <full-stacktrace>
              <![CDATA[org.testng.internal.reflect.MethodMatcherException: 
[public void tests.DemoQAExcelApachePOITest.profilePage(java.lang.String)] has no parameters defined but was found to be using a data provider (either explicitly specified or inherited from class level annotation).
Data provider mismatch
Method: profilePage([java.lang.String arg0])
Arguments: [(java.lang.String) MahanM,(java.lang.String) Mahan@143]
at org.testng.internal.reflect.DataProviderMethodMatcher.getConformingArguments(DataProviderMethodMatcher.java:46)
at org.testng.internal.Parameters.injectParameters(Parameters.java:915)
at org.testng.internal.invokers.MethodRunner.runInSequence(MethodRunner.java:50)
at org.testng.internal.invokers.TestInvoker$MethodInvocationAgent.invoke(TestInvoker.java:995)
at org.testng.internal.invokers.TestInvoker.invokeTestMethods(TestInvoker.java:203)
at org.testng.internal.invokers.TestMethodWorker.invokeTestMethods(TestMethodWorker.java:154)
at org.testng.internal.invokers.TestMethodWorker.run(TestMethodWorker.java:134)
at java.base/java.util.ArrayList.forEach(ArrayList.java:1596)
at org.testng.TestRunner.privateRun(TestRunner.java:741)
at org.testng.TestRunner.run(TestRunner.java:616)
at org.testng.SuiteRunner.runTest(SuiteRunner.java:421)
at org.testng.SuiteRunner$SuiteWorker.run(SuiteRunner.java:463)
at org.testng.internal.thread.ThreadUtil.lambda$execute$0(ThreadUtil.java:64)
at java.base/java.util.concurrent.FutureTask.run(FutureTask.java:317)
at java.base/java.util.concurrent.ThreadPoolExecutor.runWorker(ThreadPoolExecutor.java:1144)
at java.base/java.util.concurrent.ThreadPoolExecutor$Worker.run(ThreadPoolExecutor.java:642)
at java.base/java.lang.Thread.run(Thread.java:1583)
]]>
            </full-stacktrace>
          </exception> <!-- org.testng.internal.reflect.MethodMatcherException -->
          <reporter-output>
          </reporter-output>
        </test-method> <!-- profilePage -->
        <test-method is-config="true" signature="setUp(java.lang.String,java.lang.String)[pri:0, instance:tests.DemoQAExcelApachePOITest@e6516e]" started-at="2026-02-14T16:17:24 IST" name="setUp" finished-at="2026-02-14T16:17:53 IST" duration-ms="29232" status="PASS">
          <params>
            <param index="0">
              <value>
                <![CDATA[firefox]]>
              </value>
            </param>
            <param index="1">
              <value>
                <![CDATA[remote]]>
              </value>
            </param>
          </params>
          <reporter-output>
          </reporter-output>
        </test-method> <!-- setUp -->
        <test-method signature="registerUser()[pri:0, instance:tests.DemoQAExcelApachePOITest@e6516e]" started-at="2026-02-14T16:17:53 IST" name="registerUser" finished-at="2026-02-14T16:17:58 IST" duration-ms="5298" status="PASS">
          <reporter-output>
          </reporter-output>
        </test-method> <!-- registerUser -->
        <test-method is-config="true" signature="tearDown(org.testng.ITestResult)[pri:0, instance:tests.DemoQAExcelApachePOITest@e6516e]" started-at="2026-02-14T16:17:58 IST" name="tearDown" finished-at="2026-02-14T16:18:05 IST" duration-ms="6469" status="PASS">
          <params>
            <param index="0">
              <value>
                <![CDATA[[TestResult name=registerUser status=SUCCESS method=DemoQAExcelApachePOITest.registerUser()[pri:0, instance:tests.DemoQAExcelApachePOITest@e6516e] output={null}]]]>
              </value>
            </param>
          </params>
          <reporter-output>
          </reporter-output>
        </test-method> <!-- tearDown -->
      </class> <!-- tests.DemoQAExcelApachePOITest -->
    </test> <!-- FirefoxTest -->
    <test started-at="2026-02-14T16:17:31 IST" name="LocalChromeTest" finished-at="2026-02-14T16:18:28 IST" duration-ms="57344">
      <class name="tests.DemoQAExcelApachePOITest">
        <test-method is-config="true" signature="setUp(java.lang.String,java.lang.String)[pri:0, instance:tests.DemoQAExcelApachePOITest@43ed0ff3]" started-at="2026-02-14T16:17:31 IST" name="setUp" finished-at="2026-02-14T16:17:35 IST" duration-ms="4350" status="PASS">
          <params>
            <param index="0">
              <value>
                <![CDATA[chrome]]>
              </value>
            </param>
            <param index="1">
              <value>
                <![CDATA[local]]>
              </value>
            </param>
          </params>
          <reporter-output>
          </reporter-output>
        </test-method> <!-- setUp -->
        <test-method signature="launchApplication()[pri:0, instance:tests.DemoQAExcelApachePOITest@43ed0ff3]" started-at="2026-02-14T16:17:35 IST" name="launchApplication" finished-at="2026-02-14T16:18:02 IST" duration-ms="26904" status="FAIL">
          <exception class="org.openqa.selenium.ElementClickInterceptedException">
            <message>
              <![CDATA[element click intercepted: Element <h5>...</h5> is not clickable at point (141, 569). Other element would receive the click: <div id="fixedban" style="width:100%;margin:auto;text-align:center;float:none;overflow:hidden;display:scroll;position:fixed;bottom:0;z-index:9999999">...</div>
  (Session info: chrome=144.0.7559.135)
Build info: version: '4.18.1', revision: 'b1d3319b48'
System info: os.name: 'Windows 11', os.arch: 'amd64', os.version: '10.0', java.version: '21.0.9'
Driver info: org.openqa.selenium.chrome.ChromeDriver
Command: [056a505201fc6ca3f022b34fff6d8a6c, clickElement {id=f.D479C950103A566F9FE445BC16FFEBB4.d.74A99DB65EBC8B4AA35AF4C926D87807.e.15}]
Capabilities {acceptInsecureCerts: false, browserName: chrome, browserVersion: 144.0.7559.135, chrome: {chromedriverVersion: 144.0.7559.133 (7da823b1d59..., userDataDir: C:\Users\Admin\AppData\Loca...}, fedcm:accounts: true, goog:chromeOptions: {debuggerAddress: localhost:55038}, goog:processID: 18768, networkConnectionEnabled: false, pageLoadStrategy: normal, platformName: windows, proxy: Proxy(), se:cdp: ws://localhost:55038/devtoo..., se:cdpVersion: 144.0.7559.135, setWindowRect: true, strictFileInteractability: false, timeouts: {implicit: 0, pageLoad: 300000, script: 30000}, unhandledPromptBehavior: dismiss and notify, webauthn:extension:credBlob: true, webauthn:extension:largeBlob: true, webauthn:extension:minPinLength: true, webauthn:extension:prf: true, webauthn:virtualAuthenticators: true}
Element: [[ChromeDriver: chrome on windows (056a505201fc6ca3f022b34fff6d8a6c)] -> xpath: //*[text()='Book Store Application']]
Session ID: 056a505201fc6ca3f022b34fff6d8a6c]]>
            </message>
            <full-stacktrace>
              <![CDATA[org.openqa.selenium.ElementClickInterceptedException: element click intercepted: Element <h5>...</h5> is not clickable at point (141, 569). Other element would receive the click: <div id="fixedban" style="width:100%;margin:auto;text-align:center;float:none;overflow:hidden;display:scroll;position:fixed;bottom:0;z-index:9999999">...</div>
  (Session info: chrome=144.0.7559.135)
Build info: version: '4.18.1', revision: 'b1d3319b48'
System info: os.name: 'Windows 11', os.arch: 'amd64', os.version: '10.0', java.version: '21.0.9'
Driver info: org.openqa.selenium.chrome.ChromeDriver
Command: [056a505201fc6ca3f022b34fff6d8a6c, clickElement {id=f.D479C950103A566F9FE445BC16FFEBB4.d.74A99DB65EBC8B4AA35AF4C926D87807.e.15}]
Capabilities {acceptInsecureCerts: false, browserName: chrome, browserVersion: 144.0.7559.135, chrome: {chromedriverVersion: 144.0.7559.133 (7da823b1d59..., userDataDir: C:\Users\Admin\AppData\Loca...}, fedcm:accounts: true, goog:chromeOptions: {debuggerAddress: localhost:55038}, goog:processID: 18768, networkConnectionEnabled: false, pageLoadStrategy: normal, platformName: windows, proxy: Proxy(), se:cdp: ws://localhost:55038/devtoo..., se:cdpVersion: 144.0.7559.135, setWindowRect: true, strictFileInteractability: false, timeouts: {implicit: 0, pageLoad: 300000, script: 30000}, unhandledPromptBehavior: dismiss and notify, webauthn:extension:credBlob: true, webauthn:extension:largeBlob: true, webauthn:extension:minPinLength: true, webauthn:extension:prf: true, webauthn:virtualAuthenticators: true}
Element: [[ChromeDriver: chrome on windows (056a505201fc6ca3f022b34fff6d8a6c)] -> xpath: //*[text()='Book Store Application']]
Session ID: 056a505201fc6ca3f022b34fff6d8a6c
at java.base/jdk.internal.reflect.DirectConstructorHandleAccessor.newInstance(DirectConstructorHandleAccessor.java:62)
at java.base/java.lang.reflect.Constructor.newInstanceWithCaller(Constructor.java:502)
at java.base/java.lang.reflect.Constructor.newInstance(Constructor.java:486)
at org.openqa.selenium.remote.ErrorCodec.decode(ErrorCodec.java:167)
at org.openqa.selenium.remote.codec.w3c.W3CHttpResponseCodec.decode(W3CHttpResponseCodec.java:138)
at org.openqa.selenium.remote.codec.w3c.W3CHttpResponseCodec.decode(W3CHttpResponseCodec.java:50)
at org.openqa.selenium.remote.HttpCommandExecutor.execute(HttpCommandExecutor.java:190)
at org.openqa.selenium.remote.service.DriverCommandExecutor.invokeExecute(DriverCommandExecutor.java:216)
at org.openqa.selenium.remote.service.DriverCommandExecutor.execute(DriverCommandExecutor.java:174)
at org.openqa.selenium.remote.RemoteWebDriver.execute(RemoteWebDriver.java:519)
at org.openqa.selenium.remote.RemoteWebElement.execute(RemoteWebElement.java:223)
at org.openqa.selenium.remote.RemoteWebElement.click(RemoteWebElement.java:76)
at pages.LaunchPage.openBookStoreApplication(LaunchPage.java:17)
at tests.DemoQAExcelApachePOITest.launchApplication(DemoQAExcelApachePOITest.java:23)
at java.base/jdk.internal.reflect.DirectMethodHandleAccessor.invoke(DirectMethodHandleAccessor.java:103)
at java.base/java.lang.reflect.Method.invoke(Method.java:580)
at org.testng.internal.invokers.MethodInvocationHelper.invokeMethod(MethodInvocationHelper.java:141)
at org.testng.internal.invokers.TestInvoker.invokeMethod(TestInvoker.java:687)
at org.testng.internal.invokers.TestInvoker.invokeTestMethod(TestInvoker.java:230)
at org.testng.internal.invokers.MethodRunner.runInSequence(MethodRunner.java:63)
at org.testng.internal.invokers.TestInvoker$MethodInvocationAgent.invoke(TestInvoker.java:995)
at org.testng.internal.invokers.TestInvoker.invokeTestMethods(TestInvoker.java:203)
at org.testng.internal.invokers.TestMethodWorker.invokeTestMethods(TestMethodWorker.java:154)
at org.testng.internal.invokers.TestMethodWorker.run(TestMethodWorker.java:134)
at java.base/java.util.ArrayList.forEach(ArrayList.java:1596)
at org.testng.TestRunner.privateRun(TestRunner.java:741)
at org.testng.TestRunner.run(TestRunner.java:616)
at org.testng.SuiteRunner.runTest(SuiteRunner.java:421)
at org.testng.SuiteRunner$SuiteWorker.run(SuiteRunner.java:463)
at org.testng.internal.thread.ThreadUtil.lambda$execute$0(ThreadUtil.java:64)
at java.base/java.util.concurrent.FutureTask.run(FutureTask.java:317)
at java.base/java.util.concurrent.ThreadPoolExecutor.runWorker(ThreadPoolExecutor.java:1144)
at java.base/java.util.concurrent.ThreadPoolExecutor$Worker.run(ThreadPoolExecutor.java:642)
at java.base/java.lang.Thread.run(Thread.java:1583)
]]>
            </full-stacktrace>
          </exception> <!-- org.openqa.selenium.ElementClickInterceptedException -->
          <reporter-output>
          </reporter-output>
        </test-method> <!-- launchApplication -->
        <test-method is-config="true" signature="tearDown(org.testng.ITestResult)[pri:0, instance:tests.DemoQAExcelApachePOITest@43ed0ff3]" started-at="2026-02-14T16:18:02 IST" name="tearDown" finished-at="2026-02-14T16:18:07 IST" duration-ms="4237" status="PASS">
          <params>
            <param index="0">
              <value>
                <![CDATA[[TestResult name=launchApplication status=FAILURE method=DemoQAExcelApachePOITest.launchApplication()[pri:0, instance:tests.DemoQAExcelApachePOITest@43ed0ff3] output={null}]]]>
              </value>
            </param>
          </params>
          <reporter-output>
          </reporter-output>
        </test-method> <!-- tearDown -->
        <test-method is-config="true" signature="setUp(java.lang.String,java.lang.String)[pri:0, instance:tests.DemoQAExcelApachePOITest@43ed0ff3]" started-at="2026-02-14T16:18:07 IST" name="setUp" finished-at="2026-02-14T16:18:14 IST" duration-ms="6963" status="PASS">
          <params>
            <param index="0">
              <value>
                <![CDATA[chrome]]>
              </value>
            </param>
            <param index="1">
              <value>
                <![CDATA[local]]>
              </value>
            </param>
          </params>
          <reporter-output>
          </reporter-output>
        </test-method> <!-- setUp -->
        <test-method signature="loginUser(java.lang.String,java.lang.String)[pri:0, instance:tests.DemoQAExcelApachePOITest@43ed0ff3]" started-at="2026-02-14T16:18:14 IST" name="loginUser" data-provider="excelLoginData" finished-at="2026-02-14T16:18:16 IST" duration-ms="2272" status="PASS">
          <params>
            <param index="0">
              <value>
                <![CDATA[MahanM]]>
              </value>
            </param>
            <param index="1">
              <value>
                <![CDATA[Mahan@143]]>
              </value>
            </param>
          </params>
          <reporter-output>
          </reporter-output>
        </test-method> <!-- loginUser -->
        <test-method is-config="true" signature="tearDown(org.testng.ITestResult)[pri:0, instance:tests.DemoQAExcelApachePOITest@43ed0ff3]" started-at="2026-02-14T16:18:16 IST" name="tearDown" finished-at="2026-02-14T16:18:16 IST" duration-ms="399" status="PASS">
          <params>
            <param index="0">
              <value>
                <![CDATA[[TestResult name=loginUser status=SUCCESS method=DemoQAExcelApachePOITest.loginUser(java.lang.String,java.lang.String)[pri:0, instance:tests.DemoQAExcelApachePOITest@43ed0ff3] output={null}]]]>
              </value>
            </param>
          </params>
          <reporter-output>
          </reporter-output>
        </test-method> <!-- tearDown -->
        <test-method signature="profilePage(java.lang.String)[pri:0, instance:tests.DemoQAExcelApachePOITest@43ed0ff3]" started-at="2026-02-14T16:18:16 IST" name="profilePage" data-provider="excelLoginData" finished-at="2026-02-14T16:18:16 IST" duration-ms="62" status="FAIL">
          <exception class="org.testng.internal.reflect.MethodMatcherException">
            <message>
              <![CDATA[
[public void tests.DemoQAExcelApachePOITest.profilePage(java.lang.String)] has no parameters defined but was found to be using a data provider (either explicitly specified or inherited from class level annotation).
Data provider mismatch
Method: profilePage([java.lang.String arg0])
Arguments: [(java.lang.String) MahanM,(java.lang.String) Mahan@143]]]>
            </message>
            <full-stacktrace>
              <![CDATA[org.testng.internal.reflect.MethodMatcherException: 
[public void tests.DemoQAExcelApachePOITest.profilePage(java.lang.String)] has no parameters defined but was found to be using a data provider (either explicitly specified or inherited from class level annotation).
Data provider mismatch
Method: profilePage([java.lang.String arg0])
Arguments: [(java.lang.String) MahanM,(java.lang.String) Mahan@143]
at org.testng.internal.reflect.DataProviderMethodMatcher.getConformingArguments(DataProviderMethodMatcher.java:46)
at org.testng.internal.Parameters.injectParameters(Parameters.java:915)
at org.testng.internal.invokers.MethodRunner.runInSequence(MethodRunner.java:50)
at org.testng.internal.invokers.TestInvoker$MethodInvocationAgent.invoke(TestInvoker.java:995)
at org.testng.internal.invokers.TestInvoker.invokeTestMethods(TestInvoker.java:203)
at org.testng.internal.invokers.TestMethodWorker.invokeTestMethods(TestMethodWorker.java:154)
at org.testng.internal.invokers.TestMethodWorker.run(TestMethodWorker.java:134)
at java.base/java.util.ArrayList.forEach(ArrayList.java:1596)
at org.testng.TestRunner.privateRun(TestRunner.java:741)
at org.testng.TestRunner.run(TestRunner.java:616)
at org.testng.SuiteRunner.runTest(SuiteRunner.java:421)
at org.testng.SuiteRunner$SuiteWorker.run(SuiteRunner.java:463)
at org.testng.internal.thread.ThreadUtil.lambda$execute$0(ThreadUtil.java:64)
at java.base/java.util.concurrent.FutureTask.run(FutureTask.java:317)
at java.base/java.util.concurrent.ThreadPoolExecutor.runWorker(ThreadPoolExecutor.java:1144)
at java.base/java.util.concurrent.ThreadPoolExecutor$Worker.run(ThreadPoolExecutor.java:642)
at java.base/java.lang.Thread.run(Thread.java:1583)
]]>
            </full-stacktrace>
          </exception> <!-- org.testng.internal.reflect.MethodMatcherException -->
          <reporter-output>
          </reporter-output>
        </test-method> <!-- profilePage -->
        <test-method is-config="true" signature="setUp(java.lang.String,java.lang.String)[pri:0, instance:tests.DemoQAExcelApachePOITest@43ed0ff3]" started-at="2026-02-14T16:18:16 IST" name="setUp" finished-at="2026-02-14T16:18:25 IST" duration-ms="8662" status="PASS">
          <params>
            <param index="0">
              <value>
                <![CDATA[chrome]]>
              </value>
            </param>
            <param index="1">
              <value>
                <![CDATA[local]]>
              </value>
            </param>
          </params>
          <reporter-output>
          </reporter-output>
        </test-method> <!-- setUp -->
        <test-method signature="registerUser()[pri:0, instance:tests.DemoQAExcelApachePOITest@43ed0ff3]" started-at="2026-02-14T16:18:25 IST" name="registerUser" finished-at="2026-02-14T16:18:28 IST" duration-ms="2465" status="PASS">
          <reporter-output>
          </reporter-output>
        </test-method> <!-- registerUser -->
        <test-method is-config="true" signature="tearDown(org.testng.ITestResult)[pri:0, instance:tests.DemoQAExcelApachePOITest@43ed0ff3]" started-at="2026-02-14T16:18:28 IST" name="tearDown" finished-at="2026-02-14T16:18:28 IST" duration-ms="608" status="PASS">
          <params>
            <param index="0">
              <value>
                <![CDATA[[TestResult name=registerUser status=SUCCESS method=DemoQAExcelApachePOITest.registerUser()[pri:0, instance:tests.DemoQAExcelApachePOITest@43ed0ff3] output={null}]]]>
              </value>
            </param>
          </params>
          <reporter-output>
          </reporter-output>
        </test-method> <!-- tearDown -->
      </class> <!-- tests.DemoQAExcelApachePOITest -->
    </test> <!-- LocalChromeTest -->
  </suite> <!-- Automation Suite -->
</testng-results>
