<?xml version="1.0" encoding="UTF-8"?>
<testng-results ignored="0" total="2" passed="2" failed="0" skipped="0">
  <reporter-output>
  </reporter-output>
  <suite started-at="2026-02-20T13:26:55 IST" name="Default suite" finished-at="2026-02-20T13:27:42 IST" duration-ms="47543">
    <groups>
    </groups>
    <test started-at="2026-02-20T13:26:55 IST" name="Default test" finished-at="2026-02-20T13:27:42 IST" duration-ms="47543">
      <class name="tests.DemoQAExcelApachePOITest">
        <test-method is-config="true" signature="setUp(java.lang.String,java.lang.String)[pri:0, instance:tests.DemoQAExcelApachePOITest@7966baa7]" started-at="2026-02-20T13:26:55 IST" name="setUp" finished-at="2026-02-20T13:27:26 IST" duration-ms="31539" status="PASS">
          <params>
            <param index="0">
              <value>
                <![CDATA[chrome]]>
              </value>
            </param>
            <param index="1">
              <value>
                <![CDATA[local]]>
              </value>
            </param>
          </params>
          <reporter-output>
          </reporter-output>
        </test-method> <!-- setUp -->
        <test-method signature="launchApplication()[pri:0, instance:tests.DemoQAExcelApachePOITest@7966baa7]" started-at="2026-02-20T13:27:26 IST" name="launchApplication" finished-at="2026-02-20T13:27:26 IST" duration-ms="15" status="PASS">
          <reporter-output>
          </reporter-output>
        </test-method> <!-- launchApplication -->
        <test-method is-config="true" signature="tearDown(org.testng.ITestResult)[pri:0, instance:tests.DemoQAExcelApachePOITest@7966baa7]" started-at="2026-02-20T13:27:26 IST" name="tearDown" finished-at="2026-02-20T13:27:27 IST" duration-ms="489" status="PASS">
          <params>
            <param index="0">
              <value>
                <![CDATA[[TestResult name=launchApplication status=SUCCESS method=DemoQAExcelApachePOITest.launchApplication()[pri:0, instance:tests.DemoQAExcelApachePOITest@7966baa7] output={null}]]]>
              </value>
            </param>
          </params>
          <reporter-output>
          </reporter-output>
        </test-method> <!-- tearDown -->
        <test-method is-config="true" signature="setUp(java.lang.String,java.lang.String)[pri:0, instance:tests.DemoQAExcelApachePOITest@7966baa7]" started-at="2026-02-20T13:27:27 IST" name="setUp" finished-at="2026-02-20T13:27:36 IST" duration-ms="8918" status="PASS">
          <params>
            <param index="0">
              <value>
                <![CDATA[chrome]]>
              </value>
            </param>
            <param index="1">
              <value>
                <![CDATA[local]]>
              </value>
            </param>
          </params>
          <reporter-output>
          </reporter-output>
        </test-method> <!-- setUp -->
        <test-method signature="registerUser()[pri:0, instance:tests.DemoQAExcelApachePOITest@7966baa7]" started-at="2026-02-20T13:27:36 IST" name="registerUser" finished-at="2026-02-20T13:27:42 IST" duration-ms="5887" status="PASS">
          <reporter-output>
          </reporter-output>
        </test-method> <!-- registerUser -->
        <test-method is-config="true" signature="tearDown(org.testng.ITestResult)[pri:0, instance:tests.DemoQAExcelApachePOITest@7966baa7]" started-at="2026-02-20T13:27:42 IST" name="tearDown" finished-at="2026-02-20T13:27:42 IST" duration-ms="623" status="PASS">
          <params>
            <param index="0">
              <value>
                <![CDATA[[TestResult name=registerUser status=SUCCESS method=DemoQAExcelApachePOITest.registerUser()[pri:0, instance:tests.DemoQAExcelApachePOITest@7966baa7] output={null}]]]>
              </value>
            </param>
          </params>
          <reporter-output>
          </reporter-output>
        </test-method> <!-- tearDown -->
      </class> <!-- tests.DemoQAExcelApachePOITest -->
    </test> <!-- Default test -->
  </suite> <!-- Default suite -->
</testng-results>
