<?xml version="1.0" encoding="UTF-8"?>
<!-- Generated by org.testng.reporters.JUnitReportReporter -->
<testsuite hostname="DESKTOP-MEVU9AO" failures="0" tests="2" name="tests.DemoQAExcelApachePOITest" time="47.471" errors="0" timestamp="2026-02-20T13:27:43 IST" skipped="0">
  <testcase classname="tests.DemoQAExcelApachePOITest" name="registerUser" time="37.915"/>
  <testcase classname="tests.DemoQAExcelApachePOITest" name="launchApplication" time="9.556"/>
</testsuite> <!-- tests.DemoQAExcelApachePOITest -->
