<?xml version="1.0" encoding="UTF-8"?>
<!-- Generated by org.testng.reporters.JUnitReportReporter -->
<testsuite hostname="DESKTOP-MEVU9AO" failures="0" tests="2" name="tests.TestNGallAnnotaions" time="0.036" errors="0" timestamp="2026-02-17T11:08:55 IST" skipped="0">
  <testcase classname="tests.TestNGallAnnotaions" name="test2" time="0.009">
    <system-out>
      <![CDATA[Test2 method is being executed]]>
    </system-out>
  </testcase> <!-- test2 -->
  <testcase classname="tests.TestNGallAnnotaions" name="test1" time="0.027">
    <system-out>
      <![CDATA[Test1 method is being executed]]>
    </system-out>
  </testcase> <!-- test1 -->
  <system-out>
    <![CDATA[Before suite method is being Executed
Before test method is getting executed
Before class method being executed
Before method is getting executed
Test1 method is being executed
After Method method is being executed
Before method is getting executed
Test2 method is being executed
After Method method is being executed
After class method is being executed
After test method being executed
After suite is being executed]]>
  </system-out>
</testsuite> <!-- tests.TestNGallAnnotaions -->
